12:47:46 **** Build of configuration Debug for project MyTestProject ****
make -j12 all 
arm-none-eabi-gcc "../Drivers/STM32F4xx_HAL_Driver/Src/stm32f4xx_hal.c" -mcpu=cortex-m4 -std=gnu11 -g3 -DDEBUG -DUSE_HAL_DRIVER -DSTM32F401xE -c -I../Core/Inc -I../Drivers/STM32F4xx_HAL_Driver/Inc -I../Drivers/STM32F4xx_HAL_Driver/Inc/Legacy -I../Drivers/CMSIS/Device/ST/STM32F4xx/Include -I../Drivers/CMSIS/Include -O0 -ffunction-sections -fdata-sections -Wall -fstack-usage -fcyclomatic-complexity -MMD -MP -MF"Drivers/STM32F4xx_HAL_Driver/Src/stm32f4xx_hal.d" -MT"Drivers/STM32F4xx_HAL_Driver/Src/stm32f4xx_hal.o" --specs=nano.specs -mfpu=fpv4-sp-d16 -mfloat-abi=hard -mthumb -o "Drivers/STM32F4xx_HAL_Driver/Src/stm32f4xx_hal.o"
arm-none-eabi-gcc "../Drivers/STM32F4xx_HAL_Driver/Src/stm32f4xx_hal_cortex.c" -mcpu=cortex-m4 -std=gnu11 -g3 -DDEBUG -DUSE_HAL_DRIVER -DSTM32F401xE -c -I../Core/Inc -I../Drivers/STM32F4xx_HAL_Driver/Inc -I../Drivers/STM32F4xx_HAL_Driver/Inc/Legacy -I../Drivers/CMSIS/Device/ST/STM32F4xx/Include -I../Drivers/CMSIS/Include -O0 -ffunction-sections -fdata-sections -Wall -fstack-usage -fcyclomatic-complexity -MMD -MP -MF"Drivers/STM32F4xx_HAL_Driver/Src/stm32f4xx_hal_cortex.d" -MT"Drivers/STM32F4xx_HAL_Driver/Src/stm32f4xx_hal_cortex.o" --specs=nano.specs -mfpu=fpv4-sp-d16 -mfloat-abi=hard -mthumb -o "Drivers/STM32F4xx_HAL_Driver/Src/stm32f4xx_hal_cortex.o"
arm-none-eabi-gcc "../Drivers/STM32F4xx_HAL_Driver/Src/stm32f4xx_hal_dma.c" -mcpu=cortex-m4 -std=gnu11 -g3 -DDEBUG -DUSE_HAL_DRIVER -DSTM32F401xE -c -I../Core/Inc -I../Drivers/STM32F4xx_HAL_Driver/Inc -I../Drivers/STM32F4xx_HAL_Driver/Inc/Legacy -I../Drivers/CMSIS/Device/ST/STM32F4xx/Include -I../Drivers/CMSIS/Include -O0 -ffunction-sections -fdata-sections -Wall -fstack-usage -fcyclomatic-complexity -MMD -MP -MF"Drivers/STM32F4xx_HAL_Driver/Src/stm32f4xx_hal_dma.d" -MT"Drivers/STM32F4xx_HAL_Driver/Src/stm32f4xx_hal_dma.o" --specs=nano.specs -mfpu=fpv4-sp-d16 -mfloat-abi=hard -mthumb -o "Drivers/STM32F4xx_HAL_Driver/Src/stm32f4xx_hal_dma.o"
arm-none-eabi-gcc "../Drivers/STM32F4xx_HAL_Driver/Src/stm32f4xx_hal_dma_ex.c" -mcpu=cortex-m4 -std=gnu11 -g3 -DDEBUG -DUSE_HAL_DRIVER -DSTM32F401xE -c -I../Core/Inc -I../Drivers/STM32F4xx_HAL_Driver/Inc -I../Drivers/STM32F4xx_HAL_Driver/Inc/Legacy -I../Drivers/CMSIS/Device/ST/STM32F4xx/Include -I../Drivers/CMSIS/Include -O0 -ffunction-sections -fdata-sections -Wall -fstack-usage -fcyclomatic-complexity -MMD -MP -MF"Drivers/STM32F4xx_HAL_Driver/Src/stm32f4xx_hal_dma_ex.d" -MT"Drivers/STM32F4xx_HAL_Driver/Src/stm32f4xx_hal_dma_ex.o" --specs=nano.specs -mfpu=fpv4-sp-d16 -mfloat-abi=hard -mthumb -o "Drivers/STM32F4xx_HAL_Driver/Src/stm32f4xx_hal_dma_ex.o"
arm-none-eabi-gcc "../Drivers/STM32F4xx_HAL_Driver/Src/stm32f4xx_hal_exti.c" -mcpu=cortex-m4 -std=gnu11 -g3 -DDEBUG -DUSE_HAL_DRIVER -DSTM32F401xE -c -I../Core/Inc -I../Drivers/STM32F4xx_HAL_Driver/Inc -I../Drivers/STM32F4xx_HAL_Driver/Inc/Legacy -I../Drivers/CMSIS/Device/ST/STM32F4xx/Include -I../Drivers/CMSIS/Include -O0 -ffunction-sections -fdata-sections -Wall -fstack-usage -fcyclomatic-complexity -MMD -MP -MF"Drivers/STM32F4xx_HAL_Driver/Src/stm32f4xx_hal_exti.d" -MT"Drivers/STM32F4xx_HAL_Driver/Src/stm32f4xx_hal_exti.o" --specs=nano.specs -mfpu=fpv4-sp-d16 -mfloat-abi=hard -mthumb -o "Drivers/STM32F4xx_HAL_Driver/Src/stm32f4xx_hal_exti.o"
arm-none-eabi-gcc "../Drivers/STM32F4xx_HAL_Driver/Src/stm32f4xx_hal_flash.c" -mcpu=cortex-m4 -std=gnu11 -g3 -DDEBUG -DUSE_HAL_DRIVER -DSTM32F401xE -c -I../Core/Inc -I../Drivers/STM32F4xx_HAL_Driver/Inc -I../Drivers/STM32F4xx_HAL_Driver/Inc/Legacy -I../Drivers/CMSIS/Device/ST/STM32F4xx/Include -I../Drivers/CMSIS/Include -O0 -ffunction-sections -fdata-sections -Wall -fstack-usage -fcyclomatic-complexity -MMD -MP -MF"Drivers/STM32F4xx_HAL_Driver/Src/stm32f4xx_hal_flash.d" -MT"Drivers/STM32F4xx_HAL_Driver/Src/stm32f4xx_hal_flash.o" --specs=nano.specs -mfpu=fpv4-sp-d16 -mfloat-abi=hard -mthumb -o "Drivers/STM32F4xx_HAL_Driver/Src/stm32f4xx_hal_flash.o"
arm-none-eabi-gcc "../Drivers/STM32F4xx_HAL_Driver/Src/stm32f4xx_hal_flash_ex.c" -mcpu=cortex-m4 -std=gnu11 -g3 -DDEBUG -DUSE_HAL_DRIVER -DSTM32F401xE -c -I../Core/Inc -I../Drivers/STM32F4xx_HAL_Driver/Inc -I../Drivers/STM32F4xx_HAL_Driver/Inc/Legacy -I../Drivers/CMSIS/Device/ST/STM32F4xx/Include -I../Drivers/CMSIS/Include -O0 -ffunction-sections -fdata-sections -Wall -fstack-usage -fcyclomatic-complexity -MMD -MP -MF"Drivers/STM32F4xx_HAL_Driver/Src/stm32f4xx_hal_flash_ex.d" -MT"Drivers/STM32F4xx_HAL_Driver/Src/stm32f4xx_hal_flash_ex.o" --specs=nano.specs -mfpu=fpv4-sp-d16 -mfloat-abi=hard -mthumb -o "Drivers/STM32F4xx_HAL_Driver/Src/stm32f4xx_hal_flash_ex.o"
arm-none-eabi-gcc "../Drivers/STM32F4xx_HAL_Driver/Src/stm32f4xx_hal_flash_ramfunc.c" -mcpu=cortex-m4 -std=gnu11 -g3 -DDEBUG -DUSE_HAL_DRIVER -DSTM32F401xE -c -I../Core/Inc -I../Drivers/STM32F4xx_HAL_Driver/Inc -I../Drivers/STM32F4xx_HAL_Driver/Inc/Legacy -I../Drivers/CMSIS/Device/ST/STM32F4xx/Include -I../Drivers/CMSIS/Include -O0 -ffunction-sections -fdata-sections -Wall -fstack-usage -fcyclomatic-complexity -MMD -MP -MF"Drivers/STM32F4xx_HAL_Driver/Src/stm32f4xx_hal_flash_ramfunc.d" -MT"Drivers/STM32F4xx_HAL_Driver/Src/stm32f4xx_hal_flash_ramfunc.o" --specs=nano.specs -mfpu=fpv4-sp-d16 -mfloat-abi=hard -mthumb -o "Drivers/STM32F4xx_HAL_Driver/Src/stm32f4xx_hal_flash_ramfunc.o"
arm-none-eabi-gcc "../Drivers/STM32F4xx_HAL_Driver/Src/stm32f4xx_hal_gpio.c" -mcpu=cortex-m4 -std=gnu11 -g3 -DDEBUG -DUSE_HAL_DRIVER -DSTM32F401xE -c -I../Core/Inc -I../Drivers/STM32F4xx_HAL_Driver/Inc -I../Drivers/STM32F4xx_HAL_Driver/Inc/Legacy -I../Drivers/CMSIS/Device/ST/STM32F4xx/Include -I../Drivers/CMSIS/Include -O0 -ffunction-sections -fdata-sections -Wall -fstack-usage -fcyclomatic-complexity -MMD -MP -MF"Drivers/STM32F4xx_HAL_Driver/Src/stm32f4xx_hal_gpio.d" -MT"Drivers/STM32F4xx_HAL_Driver/Src/stm32f4xx_hal_gpio.o" --specs=nano.specs -mfpu=fpv4-sp-d16 -mfloat-abi=hard -mthumb -o "Drivers/STM32F4xx_HAL_Driver/Src/stm32f4xx_hal_gpio.o"
arm-none-eabi-gcc "../Drivers/STM32F4xx_HAL_Driver/Src/stm32f4xx_hal_pwr.c" -mcpu=cortex-m4 -std=gnu11 -g3 -DDEBUG -DUSE_HAL_DRIVER -DSTM32F401xE -c -I../Core/Inc -I../Drivers/STM32F4xx_HAL_Driver/Inc -I../Drivers/STM32F4xx_HAL_Driver/Inc/Legacy -I../Drivers/CMSIS/Device/ST/STM32F4xx/Include -I../Drivers/CMSIS/Include -O0 -ffunction-sections -fdata-sections -Wall -fstack-usage -fcyclomatic-complexity -MMD -MP -MF"Drivers/STM32F4xx_HAL_Driver/Src/stm32f4xx_hal_pwr.d" -MT"Drivers/STM32F4xx_HAL_Driver/Src/stm32f4xx_hal_pwr.o" --specs=nano.specs -mfpu=fpv4-sp-d16 -mfloat-abi=hard -mthumb -o "Drivers/STM32F4xx_HAL_Driver/Src/stm32f4xx_hal_pwr.o"
arm-none-eabi-gcc "../Drivers/STM32F4xx_HAL_Driver/Src/stm32f4xx_hal_pwr_ex.c" -mcpu=cortex-m4 -std=gnu11 -g3 -DDEBUG -DUSE_HAL_DRIVER -DSTM32F401xE -c -I../Core/Inc -I../Drivers/STM32F4xx_HAL_Driver/Inc -I../Drivers/STM32F4xx_HAL_Driver/Inc/Legacy -I../Drivers/CMSIS/Device/ST/STM32F4xx/Include -I../Drivers/CMSIS/Include -O0 -ffunction-sections -fdata-sections -Wall -fstack-usage -fcyclomatic-complexity -MMD -MP -MF"Drivers/STM32F4xx_HAL_Driver/Src/stm32f4xx_hal_pwr_ex.d" -MT"Drivers/STM32F4xx_HAL_Driver/Src/stm32f4xx_hal_pwr_ex.o" --specs=nano.specs -mfpu=fpv4-sp-d16 -mfloat-abi=hard -mthumb -o "Drivers/STM32F4xx_HAL_Driver/Src/stm32f4xx_hal_pwr_ex.o"
arm-none-eabi-gcc "../Drivers/STM32F4xx_HAL_Driver/Src/stm32f4xx_hal_rcc.c" -mcpu=cortex-m4 -std=gnu11 -g3 -DDEBUG -DUSE_HAL_DRIVER -DSTM32F401xE -c -I../Core/Inc -I../Drivers/STM32F4xx_HAL_Driver/Inc -I../Drivers/STM32F4xx_HAL_Driver/Inc/Legacy -I../Drivers/CMSIS/Device/ST/STM32F4xx/Include -I../Drivers/CMSIS/Include -O0 -ffunction-sections -fdata-sections -Wall -fstack-usage -fcyclomatic-complexity -MMD -MP -MF"Drivers/STM32F4xx_HAL_Driver/Src/stm32f4xx_hal_rcc.d" -MT"Drivers/STM32F4xx_HAL_Driver/Src/stm32f4xx_hal_rcc.o" --specs=nano.specs -mfpu=fpv4-sp-d16 -mfloat-abi=hard -mthumb -o "Drivers/STM32F4xx_HAL_Driver/Src/stm32f4xx_hal_rcc.o"
arm-none-eabi-gcc "../Drivers/STM32F4xx_HAL_Driver/Src/stm32f4xx_hal_rcc_ex.c" -mcpu=cortex-m4 -std=gnu11 -g3 -DDEBUG -DUSE_HAL_DRIVER -DSTM32F401xE -c -I../Core/Inc -I../Drivers/STM32F4xx_HAL_Driver/Inc -I../Drivers/STM32F4xx_HAL_Driver/Inc/Legacy -I../Drivers/CMSIS/Device/ST/STM32F4xx/Include -I../Drivers/CMSIS/Include -O0 -ffunction-sections -fdata-sections -Wall -fstack-usage -fcyclomatic-complexity -MMD -MP -MF"Drivers/STM32F4xx_HAL_Driver/Src/stm32f4xx_hal_rcc_ex.d" -MT"Drivers/STM32F4xx_HAL_Driver/Src/stm32f4xx_hal_rcc_ex.o" --specs=nano.specs -mfpu=fpv4-sp-d16 -mfloat-abi=hard -mthumb -o "Drivers/STM32F4xx_HAL_Driver/Src/stm32f4xx_hal_rcc_ex.o"
arm-none-eabi-gcc "../Drivers/STM32F4xx_HAL_Driver/Src/stm32f4xx_hal_uart.c" -mcpu=cortex-m4 -std=gnu11 -g3 -DDEBUG -DUSE_HAL_DRIVER -DSTM32F401xE -c -I../Core/Inc -I../Drivers/STM32F4xx_HAL_Driver/Inc -I../Drivers/STM32F4xx_HAL_Driver/Inc/Legacy -I../Drivers/CMSIS/Device/ST/STM32F4xx/Include -I../Drivers/CMSIS/Include -O0 -ffunction-sections -fdata-sections -Wall -fstack-usage -fcyclomatic-complexity -MMD -MP -MF"Drivers/STM32F4xx_HAL_Driver/Src/stm32f4xx_hal_uart.d" -MT"Drivers/STM32F4xx_HAL_Driver/Src/stm32f4xx_hal_uart.o" --specs=nano.specs -mfpu=fpv4-sp-d16 -mfloat-abi=hard -mthumb -o "Drivers/STM32F4xx_HAL_Driver/Src/stm32f4xx_hal_uart.o"
arm-none-eabi-gcc -mcpu=cortex-m4 -g3 -DDEBUG -c -x assembler-with-cpp -MMD -MP -MF"Core/Startup/startup_stm32f401retx.d" -MT"Core/Startup/startup_stm32f401retx.o" --specs=nano.specs -mfpu=fpv4-sp-d16 -mfloat-abi=hard -mthumb -o "Core/Startup/startup_stm32f401retx.o" "../Core/Startup/startup_stm32f401retx.s"
arm-none-eabi-gcc "../Core/Src/main.c" -mcpu=cortex-m4 -std=gnu11 -g3 -DDEBUG -DUSE_HAL_DRIVER -DSTM32F401xE -c -I../Core/Inc -I../Drivers/STM32F4xx_HAL_Driver/Inc -I../Drivers/STM32F4xx_HAL_Driver/Inc/Legacy -I../Drivers/CMSIS/Device/ST/STM32F4xx/Include -I../Drivers/CMSIS/Include -O0 -ffunction-sections -fdata-sections -Wall -fstack-usage -fcyclomatic-complexity -MMD -MP -MF"Core/Src/main.d" -MT"Core/Src/main.o" --specs=nano.specs -mfpu=fpv4-sp-d16 -mfloat-abi=hard -mthumb -o "Core/Src/main.o"
arm-none-eabi-gcc "../Core/Src/stm32f4xx_hal_msp.c" -mcpu=cortex-m4 -std=gnu11 -g3 -DDEBUG -DUSE_HAL_DRIVER -DSTM32F401xE -c -I../Core/Inc -I../Drivers/STM32F4xx_HAL_Driver/Inc -I../Drivers/STM32F4xx_HAL_Driver/Inc/Legacy -I../Drivers/CMSIS/Device/ST/STM32F4xx/Include -I../Drivers/CMSIS/Include -O0 -ffunction-sections -fdata-sections -Wall -fstack-usage -fcyclomatic-complexity -MMD -MP -MF"Core/Src/stm32f4xx_hal_msp.d" -MT"Core/Src/stm32f4xx_hal_msp.o" --specs=nano.specs -mfpu=fpv4-sp-d16 -mfloat-abi=hard -mthumb -o "Core/Src/stm32f4xx_hal_msp.o"
arm-none-eabi-gcc "../Core/Src/stm32f4xx_it.c" -mcpu=cortex-m4 -std=gnu11 -g3 -DDEBUG -DUSE_HAL_DRIVER -DSTM32F401xE -c -I../Core/Inc -I../Drivers/STM32F4xx_HAL_Driver/Inc -I../Drivers/STM32F4xx_HAL_Driver/Inc/Legacy -I../Drivers/CMSIS/Device/ST/STM32F4xx/Include -I../Drivers/CMSIS/Include -O0 -ffunction-sections -fdata-sections -Wall -fstack-usage -fcyclomatic-complexity -MMD -MP -MF"Core/Src/stm32f4xx_it.d" -MT"Core/Src/stm32f4xx_it.o" --specs=nano.specs -mfpu=fpv4-sp-d16 -mfloat-abi=hard -mthumb -o "Core/Src/stm32f4xx_it.o"
arm-none-eabi-gcc "../Core/Src/syscalls.c" -mcpu=cortex-m4 -std=gnu11 -g3 -DDEBUG -DUSE_HAL_DRIVER -DSTM32F401xE -c -I../Core/Inc -I../Drivers/STM32F4xx_HAL_Driver/Inc -I../Drivers/STM32F4xx_HAL_Driver/Inc/Legacy -I../Drivers/CMSIS/Device/ST/STM32F4xx/Include -I../Drivers/CMSIS/Include -O0 -ffunction-sections -fdata-sections -Wall -fstack-usage -fcyclomatic-complexity -MMD -MP -MF"Core/Src/syscalls.d" -MT"Core/Src/syscalls.o" --specs=nano.specs -mfpu=fpv4-sp-d16 -mfloat-abi=hard -mthumb -o "Core/Src/syscalls.o"
arm-none-eabi-gcc "../Core/Src/sysmem.c" -mcpu=cortex-m4 -std=gnu11 -g3 -DDEBUG -DUSE_HAL_DRIVER -DSTM32F401xE -c -I../Core/Inc -I../Drivers/STM32F4xx_HAL_Driver/Inc -I../Drivers/STM32F4xx_HAL_Driver/Inc/Legacy -I../Drivers/CMSIS/Device/ST/STM32F4xx/Include -I../Drivers/CMSIS/Include -O0 -ffunction-sections -fdata-sections -Wall -fstack-usage -fcyclomatic-complexity -MMD -MP -MF"Core/Src/sysmem.d" -MT"Core/Src/sysmem.o" --specs=nano.specs -mfpu=fpv4-sp-d16 -mfloat-abi=hard -mthumb -o "Core/Src/sysmem.o"
arm-none-eabi-gcc "../Core/Src/system_stm32f4xx.c" -mcpu=cortex-m4 -std=gnu11 -g3 -DDEBUG -DUSE_HAL_DRIVER -DSTM32F401xE -c -I../Core/Inc -I../Drivers/STM32F4xx_HAL_Driver/Inc -I../Drivers/STM32F4xx_HAL_Driver/Inc/Legacy -I../Drivers/CMSIS/Device/ST/STM32F4xx/Include -I../Drivers/CMSIS/Include -O0 -ffunction-sections -fdata-sections -Wall -fstack-usage -fcyclomatic-complexity -MMD -MP -MF"Core/Src/system_stm32f4xx.d" -MT"Core/Src/system_stm32f4xx.o" --specs=nano.specs -mfpu=fpv4-sp-d16 -mfloat-abi=hard -mthumb -o "Core/Src/system_stm32f4xx.o"
arm-none-eabi-gcc -o "MyTestProject.elf" @"objects.list"   -mcpu=cortex-m4 -T"C:\Users\blew2\STM32CubeIDE\workspace_1.17.0\MyTestProject\STM32F401RETX_FLASH.ld" --specs=nosys.specs -Wl,-Map="MyTestProject.map" -Wl,--gc-sections -static --specs=nano.specs -mfpu=fpv4-sp-d16 -mfloat-abi=hard -mthumb -Wl,--start-group -lc -lm -Wl,--end-group
Finished building target: MyTestProject.elf
 
arm-none-eabi-size  MyTestProject.elf 
arm-none-eabi-objdump -h -S MyTestProject.elf  > "MyTestProject.list"
   text	   data	    bss	    dec	    hex	filename
   7796	     12	   1644	   9452	   24ec	MyTestProject.elf
Finished building: default.size.stdout
 
Finished building: MyTestProject.list
 
12:48:46 **** Incremental Build of configuration Debug for project MyTestProject ****
make -j12 all 
arm-none-eabi-size  MyTestProject.elf 
   text	   data	    bss	    dec	    hex	filename
   7796	     12	   1644	   9452	   24ec	MyTestProject.elf
Finished building: default.size.stdout
 
12:49:33 **** Incremental Build of configuration Debug for project MyTestProject ****
make -j12 all 
arm-none-eabi-size  MyTestProject.elf 
   text	   data	    bss	    dec	    hex	filename
   7796	     12	   1644	   9452	   24ec	MyTestProject.elf
Finished building: default.size.stdout
 
12:50:23 **** Incremental Build of configuration Debug for project MyTestProject ****
make -j12 all 
arm-none-eabi-size  MyTestProject.elf 
   text	   data	    bss	    dec	    hex	filename
   7796	     12	   1644	   9452	   24ec	MyTestProject.elf
Finished building: default.size.stdout
 
12:51:38 **** Incremental Build of configuration Debug for project MyTestProject ****
make -j12 all 
arm-none-eabi-gcc "../Core/Src/main.c" -mcpu=cortex-m4 -std=gnu11 -g3 -DDEBUG -DUSE_HAL_DRIVER -DSTM32F401xE -c -I../Core/Inc -I../Drivers/STM32F4xx_HAL_Driver/Inc -I../Drivers/STM32F4xx_HAL_Driver/Inc/Legacy -I../Drivers/CMSIS/Device/ST/STM32F4xx/Include -I../Drivers/CMSIS/Include -O0 -ffunction-sections -fdata-sections -Wall -fstack-usage -fcyclomatic-complexity -MMD -MP -MF"Core/Src/main.d" -MT"Core/Src/main.o" --specs=nano.specs -mfpu=fpv4-sp-d16 -mfloat-abi=hard -mthumb -o "Core/Src/main.o"
arm-none-eabi-gcc "../Core/Src/stm32f4xx_hal_msp.c" -mcpu=cortex-m4 -std=gnu11 -g3 -DDEBUG -DUSE_HAL_DRIVER -DSTM32F401xE -c -I../Core/Inc -I../Drivers/STM32F4xx_HAL_Driver/Inc -I../Drivers/STM32F4xx_HAL_Driver/Inc/Legacy -I../Drivers/CMSIS/Device/ST/STM32F4xx/Include -I../Drivers/CMSIS/Include -O0 -ffunction-sections -fdata-sections -Wall -fstack-usage -fcyclomatic-complexity -MMD -MP -MF"Core/Src/stm32f4xx_hal_msp.d" -MT"Core/Src/stm32f4xx_hal_msp.o" --specs=nano.specs -mfpu=fpv4-sp-d16 -mfloat-abi=hard -mthumb -o "Core/Src/stm32f4xx_hal_msp.o"
arm-none-eabi-gcc "../Core/Src/stm32f4xx_it.c" -mcpu=cortex-m4 -std=gnu11 -g3 -DDEBUG -DUSE_HAL_DRIVER -DSTM32F401xE -c -I../Core/Inc -I../Drivers/STM32F4xx_HAL_Driver/Inc -I../Drivers/STM32F4xx_HAL_Driver/Inc/Legacy -I../Drivers/CMSIS/Device/ST/STM32F4xx/Include -I../Drivers/CMSIS/Include -O0 -ffunction-sections -fdata-sections -Wall -fstack-usage -fcyclomatic-complexity -MMD -MP -MF"Core/Src/stm32f4xx_it.d" -MT"Core/Src/stm32f4xx_it.o" --specs=nano.specs -mfpu=fpv4-sp-d16 -mfloat-abi=hard -mthumb -o "Core/Src/stm32f4xx_it.o"
arm-none-eabi-gcc -o "MyTestProject.elf" @"objects.list"   -mcpu=cortex-m4 -T"C:\Users\blew2\STM32CubeIDE\workspace_1.17.0\MyTestProject\STM32F401RETX_FLASH.ld" --specs=nosys.specs -Wl,-Map="MyTestProject.map" -Wl,--gc-sections -static --specs=nano.specs -mfpu=fpv4-sp-d16 -mfloat-abi=hard -mthumb -Wl,--start-group -lc -lm -Wl,--end-group
Finished building target: MyTestProject.elf
 
arm-none-eabi-size  MyTestProject.elf 
arm-none-eabi-objdump -h -S MyTestProject.elf  > "MyTestProject.list"
   text	   data	    bss	    dec	    hex	filename
   7796	     12	   1644	   9452	   24ec	MyTestProject.elf
Finished building: default.size.stdout
 
Finished building: MyTestProject.list
 
12:51:47 **** Incremental Build of configuration Debug for project MyTestProject ****
make -j12 all 
arm-none-eabi-size  MyTestProject.elf 
   text	   data	    bss	    dec	    hex	filename
   7796	     12	   1644	   9452	   24ec	MyTestProject.elf
Finished building: default.size.stdout
 
12:52:50 **** Incremental Build of configuration Debug for project MyTestProject ****
make -j12 all 
arm-none-eabi-gcc "../Core/Src/main.c" -mcpu=cortex-m4 -std=gnu11 -g3 -DDEBUG -DUSE_HAL_DRIVER -DSTM32F401xE -c -I../Core/Inc -I../Drivers/STM32F4xx_HAL_Driver/Inc -I../Drivers/STM32F4xx_HAL_Driver/Inc/Legacy -I../Drivers/CMSIS/Device/ST/STM32F4xx/Include -I../Drivers/CMSIS/Include -O0 -ffunction-sections -fdata-sections -Wall -fstack-usage -fcyclomatic-complexity -MMD -MP -MF"Core/Src/main.d" -MT"Core/Src/main.o" --specs=nano.specs -mfpu=fpv4-sp-d16 -mfloat-abi=hard -mthumb -o "Core/Src/main.o"
arm-none-eabi-gcc -o "MyTestProject.elf" @"objects.list"   -mcpu=cortex-m4 -T"C:\Users\blew2\STM32CubeIDE\workspace_1.17.0\MyTestProject\STM32F401RETX_FLASH.ld" --specs=nosys.specs -Wl,-Map="MyTestProject.map" -Wl,--gc-sections -static --specs=nano.specs -mfpu=fpv4-sp-d16 -mfloat-abi=hard -mthumb -Wl,--start-group -lc -lm -Wl,--end-group
Finished building target: MyTestProject.elf
 
arm-none-eabi-size  MyTestProject.elf 
arm-none-eabi-objdump -h -S MyTestProject.elf  > "MyTestProject.list"
   text	   data	    bss	    dec	    hex	filename
   7796	     12	   1644	   9452	   24ec	MyTestProject.elf
Finished building: default.size.stdout
 
Finished building: MyTestProject.list
 
21:22:00 **** Incremental Build of configuration Debug for project MyTestProject ****
make -j12 all 
arm-none-eabi-gcc "../Core/Src/main.c" -mcpu=cortex-m4 -std=gnu11 -g3 -DDEBUG -DUSE_HAL_DRIVER -DSTM32F401xE -c -I../Core/Inc -I../Drivers/STM32F4xx_HAL_Driver/Inc -I../Drivers/STM32F4xx_HAL_Driver/Inc/Legacy -I../Drivers/CMSIS/Device/ST/STM32F4xx/Include -I../Drivers/CMSIS/Include -O0 -ffunction-sections -fdata-sections -Wall -fstack-usage -fcyclomatic-complexity -MMD -MP -MF"Core/Src/main.d" -MT"Core/Src/main.o" --specs=nano.specs -mfpu=fpv4-sp-d16 -mfloat-abi=hard -mthumb -o "Core/Src/main.o"
../Core/Src/main.c: In function 'main':
../Core/Src/main.c:105:48: error: 'High' undeclared (first use in this function)
  105 |           HAL_GPIO_WritePin(GPIOA, GPIO_PIN_5, High);
      |                                                ^~~~
../Core/Src/main.c:105:48: note: each undeclared identifier is reported only once for each function it appears in
make: *** [Core/Src/subdir.mk:34: Core/Src/main.o] Error 1
"make -j12 all" terminated with exit code 2. Build might be incomplete.
21:22:12 **** Incremental Build of configuration Debug for project MyTestProject ****
make -j12 all 
arm-none-eabi-gcc "../Core/Src/main.c" -mcpu=cortex-m4 -std=gnu11 -g3 -DDEBUG -DUSE_HAL_DRIVER -DSTM32F401xE -c -I../Core/Inc -I../Drivers/STM32F4xx_HAL_Driver/Inc -I../Drivers/STM32F4xx_HAL_Driver/Inc/Legacy -I../Drivers/CMSIS/Device/ST/STM32F4xx/Include -I../Drivers/CMSIS/Include -O0 -ffunction-sections -fdata-sections -Wall -fstack-usage -fcyclomatic-complexity -MMD -MP -MF"Core/Src/main.d" -MT"Core/Src/main.o" --specs=nano.specs -mfpu=fpv4-sp-d16 -mfloat-abi=hard -mthumb -o "Core/Src/main.o"
arm-none-eabi-gcc -o "MyTestProject.elf" @"objects.list"   -mcpu=cortex-m4 -T"C:\Users\blew2\STM32CubeIDE\workspace_1.17.0\MyTestProject\STM32F401RETX_FLASH.ld" --specs=nosys.specs -Wl,-Map="MyTestProject.map" -Wl,--gc-sections -static --specs=nano.specs -mfpu=fpv4-sp-d16 -mfloat-abi=hard -mthumb -Wl,--start-group -lc -lm -Wl,--end-group
Finished building target: MyTestProject.elf
 
arm-none-eabi-size  MyTestProject.elf 
arm-none-eabi-objdump -h -S MyTestProject.elf  > "MyTestProject.list"
   text	   data	    bss	    dec	    hex	filename
   7664	     12	   1644	   9320	   2468	MyTestProject.elf
Finished building: default.size.stdout
 
Finished building: MyTestProject.list
 
21:33:45 **** Incremental Build of configuration Debug for project MyTestProject ****
make -j12 all 
arm-none-eabi-gcc "../Core/Src/main.c" -mcpu=cortex-m4 -std=gnu11 -g3 -DDEBUG -DUSE_HAL_DRIVER -DSTM32F401xE -c -I../Core/Inc -I../Drivers/STM32F4xx_HAL_Driver/Inc -I../Drivers/STM32F4xx_HAL_Driver/Inc/Legacy -I../Drivers/CMSIS/Device/ST/STM32F4xx/Include -I../Drivers/CMSIS/Include -O0 -ffunction-sections -fdata-sections -Wall -fstack-usage -fcyclomatic-complexity -MMD -MP -MF"Core/Src/main.d" -MT"Core/Src/main.o" --specs=nano.specs -mfpu=fpv4-sp-d16 -mfloat-abi=hard -mthumb -o "Core/Src/main.o"
arm-none-eabi-gcc -o "MyTestProject.elf" @"objects.list"   -mcpu=cortex-m4 -T"C:\Users\blew2\STM32CubeIDE\workspace_1.17.0\MyTestProject\STM32F401RETX_FLASH.ld" --specs=nosys.specs -Wl,-Map="MyTestProject.map" -Wl,--gc-sections -static --specs=nano.specs -mfpu=fpv4-sp-d16 -mfloat-abi=hard -mthumb -Wl,--start-group -lc -lm -Wl,--end-group
Finished building target: MyTestProject.elf
 
arm-none-eabi-size  MyTestProject.elf 
arm-none-eabi-objdump -h -S MyTestProject.elf  > "MyTestProject.list"
   text	   data	    bss	    dec	    hex	filename
   7664	     12	   1644	   9320	   2468	MyTestProject.elf
Finished building: default.size.stdout
 
Finished building: MyTestProject.list
 
21:39:20 **** Incremental Build of configuration Debug for project MyTestProject ****
make -j12 all 
arm-none-eabi-gcc "../Core/Src/main.c" -mcpu=cortex-m4 -std=gnu11 -g3 -DDEBUG -DUSE_HAL_DRIVER -DSTM32F401xE -c -I../Core/Inc -I../Drivers/STM32F4xx_HAL_Driver/Inc -I../Drivers/STM32F4xx_HAL_Driver/Inc/Legacy -I../Drivers/CMSIS/Device/ST/STM32F4xx/Include -I../Drivers/CMSIS/Include -O0 -ffunction-sections -fdata-sections -Wall -fstack-usage -fcyclomatic-complexity -MMD -MP -MF"Core/Src/main.d" -MT"Core/Src/main.o" --specs=nano.specs -mfpu=fpv4-sp-d16 -mfloat-abi=hard -mthumb -o "Core/Src/main.o"
arm-none-eabi-gcc -o "MyTestProject.elf" @"objects.list"   -mcpu=cortex-m4 -T"C:\Users\blew2\STM32CubeIDE\workspace_1.17.0\MyTestProject\STM32F401RETX_FLASH.ld" --specs=nosys.specs -Wl,-Map="MyTestProject.map" -Wl,--gc-sections -static --specs=nano.specs -mfpu=fpv4-sp-d16 -mfloat-abi=hard -mthumb -Wl,--start-group -lc -lm -Wl,--end-group
Finished building target: MyTestProject.elf
 
arm-none-eabi-size  MyTestProject.elf 
arm-none-eabi-objdump -h -S MyTestProject.elf  > "MyTestProject.list"
   text	   data	    bss	    dec	    hex	filename
   7664	     12	   1644	   9320	   2468	MyTestProject.elf
Finished building: default.size.stdout
 
Finished building: MyTestProject.list
 
21:41:58 **** Incremental Build of configuration Debug for project MyTestProject ****
make -j12 all 
arm-none-eabi-gcc "../Core/Src/main.c" -mcpu=cortex-m4 -std=gnu11 -g3 -DDEBUG -DUSE_HAL_DRIVER -DSTM32F401xE -c -I../Core/Inc -I../Drivers/STM32F4xx_HAL_Driver/Inc -I../Drivers/STM32F4xx_HAL_Driver/Inc/Legacy -I../Drivers/CMSIS/Device/ST/STM32F4xx/Include -I../Drivers/CMSIS/Include -O0 -ffunction-sections -fdata-sections -Wall -fstack-usage -fcyclomatic-complexity -MMD -MP -MF"Core/Src/main.d" -MT"Core/Src/main.o" --specs=nano.specs -mfpu=fpv4-sp-d16 -mfloat-abi=hard -mthumb -o "Core/Src/main.o"
arm-none-eabi-gcc -o "MyTestProject.elf" @"objects.list"   -mcpu=cortex-m4 -T"C:\Users\blew2\STM32CubeIDE\workspace_1.17.0\MyTestProject\STM32F401RETX_FLASH.ld" --specs=nosys.specs -Wl,-Map="MyTestProject.map" -Wl,--gc-sections -static --specs=nano.specs -mfpu=fpv4-sp-d16 -mfloat-abi=hard -mthumb -Wl,--start-group -lc -lm -Wl,--end-group
Finished building target: MyTestProject.elf
 
arm-none-eabi-size  MyTestProject.elf 
arm-none-eabi-objdump -h -S MyTestProject.elf  > "MyTestProject.list"
   text	   data	    bss	    dec	    hex	filename
   7704	     12	   1644	   9360	   2490	MyTestProject.elf
Finished building: default.size.stdout
 
Finished building: MyTestProject.list
 
22:30:59 **** Incremental Build of configuration Debug for project MyTestProject ****
make -j12 all 
arm-none-eabi-gcc "../Core/Src/main.c" -mcpu=cortex-m4 -std=gnu11 -g3 -DDEBUG -DUSE_HAL_DRIVER -DSTM32F401xE -c -I../Core/Inc -I../Drivers/STM32F4xx_HAL_Driver/Inc -I../Drivers/STM32F4xx_HAL_Driver/Inc/Legacy -I../Drivers/CMSIS/Device/ST/STM32F4xx/Include -I../Drivers/CMSIS/Include -O0 -ffunction-sections -fdata-sections -Wall -fstack-usage -fcyclomatic-complexity -MMD -MP -MF"Core/Src/main.d" -MT"Core/Src/main.o" --specs=nano.specs -mfpu=fpv4-sp-d16 -mfloat-abi=hard -mthumb -o "Core/Src/main.o"
arm-none-eabi-gcc -o "MyTestProject.elf" @"objects.list"   -mcpu=cortex-m4 -T"C:\Users\blew2\STM32CubeIDE\workspace_1.17.0\MyTestProject\STM32F401RETX_FLASH.ld" --specs=nosys.specs -Wl,-Map="MyTestProject.map" -Wl,--gc-sections -static --specs=nano.specs -mfpu=fpv4-sp-d16 -mfloat-abi=hard -mthumb -Wl,--start-group -lc -lm -Wl,--end-group
Finished building target: MyTestProject.elf
 
arm-none-eabi-size  MyTestProject.elf 
arm-none-eabi-objdump -h -S MyTestProject.elf  > "MyTestProject.list"
   text	   data	    bss	    dec	    hex	filename
   7836	     12	   1644	   9492	   2514	MyTestProject.elf
Finished building: default.size.stdout
 
Finished building: MyTestProject.list
 
22:51:14 **** Incremental Build of configuration Debug for project MyTestProject ****
make -j12 all 
arm-none-eabi-gcc "../Core/Src/main.c" -mcpu=cortex-m4 -std=gnu11 -g3 -DDEBUG -DUSE_HAL_DRIVER -DSTM32F401xE -c -I../Core/Inc -I../Drivers/STM32F4xx_HAL_Driver/Inc -I../Drivers/STM32F4xx_HAL_Driver/Inc/Legacy -I../Drivers/CMSIS/Device/ST/STM32F4xx/Include -I../Drivers/CMSIS/Include -O0 -ffunction-sections -fdata-sections -Wall -fstack-usage -fcyclomatic-complexity -MMD -MP -MF"Core/Src/main.d" -MT"Core/Src/main.o" --specs=nano.specs -mfpu=fpv4-sp-d16 -mfloat-abi=hard -mthumb -o "Core/Src/main.o"
arm-none-eabi-gcc -o "MyTestProject.elf" @"objects.list"   -mcpu=cortex-m4 -T"C:\Users\blew2\STM32CubeIDE\workspace_1.17.0\MyTestProject\STM32F401RETX_FLASH.ld" --specs=nosys.specs -Wl,-Map="MyTestProject.map" -Wl,--gc-sections -static --specs=nano.specs -mfpu=fpv4-sp-d16 -mfloat-abi=hard -mthumb -Wl,--start-group -lc -lm -Wl,--end-group
Finished building target: MyTestProject.elf
 
arm-none-eabi-size  MyTestProject.elf 
arm-none-eabi-objdump -h -S MyTestProject.elf  > "MyTestProject.list"
   text	   data	    bss	    dec	    hex	filename
   7924	     12	   1644	   9580	   256c	MyTestProject.elf
Finished building: default.size.stdout
 
Finished building: MyTestProject.list
 
22:53:10 **** Incremental Build of configuration Debug for project MyTestProject ****
make -j12 all 
arm-none-eabi-gcc "../Core/Src/main.c" -mcpu=cortex-m4 -std=gnu11 -g3 -DDEBUG -DUSE_HAL_DRIVER -DSTM32F401xE -c -I../Core/Inc -I../Drivers/STM32F4xx_HAL_Driver/Inc -I../Drivers/STM32F4xx_HAL_Driver/Inc/Legacy -I../Drivers/CMSIS/Device/ST/STM32F4xx/Include -I../Drivers/CMSIS/Include -O0 -ffunction-sections -fdata-sections -Wall -fstack-usage -fcyclomatic-complexity -MMD -MP -MF"Core/Src/main.d" -MT"Core/Src/main.o" --specs=nano.specs -mfpu=fpv4-sp-d16 -mfloat-abi=hard -mthumb -o "Core/Src/main.o"
arm-none-eabi-gcc -o "MyTestProject.elf" @"objects.list"   -mcpu=cortex-m4 -T"C:\Users\blew2\STM32CubeIDE\workspace_1.17.0\MyTestProject\STM32F401RETX_FLASH.ld" --specs=nosys.specs -Wl,-Map="MyTestProject.map" -Wl,--gc-sections -static --specs=nano.specs -mfpu=fpv4-sp-d16 -mfloat-abi=hard -mthumb -Wl,--start-group -lc -lm -Wl,--end-group
Finished building target: MyTestProject.elf
 
arm-none-eabi-size  MyTestProject.elf 
arm-none-eabi-objdump -h -S MyTestProject.elf  > "MyTestProject.list"
   text	   data	    bss	    dec	    hex	filename
   7892	     12	   1644	   9548	   254c	MyTestProject.elf
Finished building: default.size.stdout
 
Finished building: MyTestProject.list
 
22:54:58 **** Incremental Build of configuration Debug for project MyTestProject ****
make -j12 all 
arm-none-eabi-gcc "../Core/Src/main.c" -mcpu=cortex-m4 -std=gnu11 -g3 -DDEBUG -DUSE_HAL_DRIVER -DSTM32F401xE -c -I../Core/Inc -I../Drivers/STM32F4xx_HAL_Driver/Inc -I../Drivers/STM32F4xx_HAL_Driver/Inc/Legacy -I../Drivers/CMSIS/Device/ST/STM32F4xx/Include -I../Drivers/CMSIS/Include -O0 -ffunction-sections -fdata-sections -Wall -fstack-usage -fcyclomatic-complexity -MMD -MP -MF"Core/Src/main.d" -MT"Core/Src/main.o" --specs=nano.specs -mfpu=fpv4-sp-d16 -mfloat-abi=hard -mthumb -o "Core/Src/main.o"
../Core/Src/main.c:118:1: error: expected identifier or '(' before '}' token
  118 | }
      | ^
make: *** [Core/Src/subdir.mk:34: Core/Src/main.o] Error 1
"make -j12 all" terminated with exit code 2. Build might be incomplete.
22:55:16 **** Incremental Build of configuration Debug for project MyTestProject ****
make -j12 all 
arm-none-eabi-gcc "../Core/Src/main.c" -mcpu=cortex-m4 -std=gnu11 -g3 -DDEBUG -DUSE_HAL_DRIVER -DSTM32F401xE -c -I../Core/Inc -I../Drivers/STM32F4xx_HAL_Driver/Inc -I../Drivers/STM32F4xx_HAL_Driver/Inc/Legacy -I../Drivers/CMSIS/Device/ST/STM32F4xx/Include -I../Drivers/CMSIS/Include -O0 -ffunction-sections -fdata-sections -Wall -fstack-usage -fcyclomatic-complexity -MMD -MP -MF"Core/Src/main.d" -MT"Core/Src/main.o" --specs=nano.specs -mfpu=fpv4-sp-d16 -mfloat-abi=hard -mthumb -o "Core/Src/main.o"
../Core/Src/main.c:118:1: error: expected identifier or '(' before '}' token
  118 | }
      | ^
make: *** [Core/Src/subdir.mk:34: Core/Src/main.o] Error 1
"make -j12 all" terminated with exit code 2. Build might be incomplete.
22:55:24 **** Incremental Build of configuration Debug for project MyTestProject ****
make -j12 all 
arm-none-eabi-gcc "../Core/Src/main.c" -mcpu=cortex-m4 -std=gnu11 -g3 -DDEBUG -DUSE_HAL_DRIVER -DSTM32F401xE -c -I../Core/Inc -I../Drivers/STM32F4xx_HAL_Driver/Inc -I../Drivers/STM32F4xx_HAL_Driver/Inc/Legacy -I../Drivers/CMSIS/Device/ST/STM32F4xx/Include -I../Drivers/CMSIS/Include -O0 -ffunction-sections -fdata-sections -Wall -fstack-usage -fcyclomatic-complexity -MMD -MP -MF"Core/Src/main.d" -MT"Core/Src/main.o" --specs=nano.specs -mfpu=fpv4-sp-d16 -mfloat-abi=hard -mthumb -o "Core/Src/main.o"
../Core/Src/main.c:118:1: error: expected identifier or '(' before '}' token
  118 | }
      | ^
make: *** [Core/Src/subdir.mk:34: Core/Src/main.o] Error 1
"make -j12 all" terminated with exit code 2. Build might be incomplete.
22:55:39 **** Incremental Build of configuration Debug for project MyTestProject ****
make -j12 all 
arm-none-eabi-gcc "../Core/Src/main.c" -mcpu=cortex-m4 -std=gnu11 -g3 -DDEBUG -DUSE_HAL_DRIVER -DSTM32F401xE -c -I../Core/Inc -I../Drivers/STM32F4xx_HAL_Driver/Inc -I../Drivers/STM32F4xx_HAL_Driver/Inc/Legacy -I../Drivers/CMSIS/Device/ST/STM32F4xx/Include -I../Drivers/CMSIS/Include -O0 -ffunction-sections -fdata-sections -Wall -fstack-usage -fcyclomatic-complexity -MMD -MP -MF"Core/Src/main.d" -MT"Core/Src/main.o" --specs=nano.specs -mfpu=fpv4-sp-d16 -mfloat-abi=hard -mthumb -o "Core/Src/main.o"
../Core/Src/main.c:118:1: error: expected identifier or '(' before '}' token
  118 | }
      | ^
make: *** [Core/Src/subdir.mk:34: Core/Src/main.o] Error 1
"make -j12 all" terminated with exit code 2. Build might be incomplete.
22:55:49 **** Incremental Build of configuration Debug for project MyTestProject ****
make -j12 all 
arm-none-eabi-gcc "../Core/Src/main.c" -mcpu=cortex-m4 -std=gnu11 -g3 -DDEBUG -DUSE_HAL_DRIVER -DSTM32F401xE -c -I../Core/Inc -I../Drivers/STM32F4xx_HAL_Driver/Inc -I../Drivers/STM32F4xx_HAL_Driver/Inc/Legacy -I../Drivers/CMSIS/Device/ST/STM32F4xx/Include -I../Drivers/CMSIS/Include -O0 -ffunction-sections -fdata-sections -Wall -fstack-usage -fcyclomatic-complexity -MMD -MP -MF"Core/Src/main.d" -MT"Core/Src/main.o" --specs=nano.specs -mfpu=fpv4-sp-d16 -mfloat-abi=hard -mthumb -o "Core/Src/main.o"
../Core/Src/main.c:118:1: error: expected identifier or '(' before '}' token
  118 | }
      | ^
make: *** [Core/Src/subdir.mk:34: Core/Src/main.o] Error 1
"make -j12 all" terminated with exit code 2. Build might be incomplete.
22:56:19 **** Incremental Build of configuration Debug for project MyTestProject ****
make -j12 all 
arm-none-eabi-gcc "../Core/Src/main.c" -mcpu=cortex-m4 -std=gnu11 -g3 -DDEBUG -DUSE_HAL_DRIVER -DSTM32F401xE -c -I../Core/Inc -I../Drivers/STM32F4xx_HAL_Driver/Inc -I../Drivers/STM32F4xx_HAL_Driver/Inc/Legacy -I../Drivers/CMSIS/Device/ST/STM32F4xx/Include -I../Drivers/CMSIS/Include -O0 -ffunction-sections -fdata-sections -Wall -fstack-usage -fcyclomatic-complexity -MMD -MP -MF"Core/Src/main.d" -MT"Core/Src/main.o" --specs=nano.specs -mfpu=fpv4-sp-d16 -mfloat-abi=hard -mthumb -o "Core/Src/main.o"
../Core/Src/main.c:117:1: error: expected identifier or '(' before '}' token
  117 | }
      | ^
make: *** [Core/Src/subdir.mk:34: Core/Src/main.o] Error 1
"make -j12 all" terminated with exit code 2. Build might be incomplete.
22:58:17 **** Incremental Build of configuration Debug for project MyTestProject ****
make -j12 all 
arm-none-eabi-gcc "../Core/Src/main.c" -mcpu=cortex-m4 -std=gnu11 -g3 -DDEBUG -DUSE_HAL_DRIVER -DSTM32F401xE -c -I../Core/Inc -I../Drivers/STM32F4xx_HAL_Driver/Inc -I../Drivers/STM32F4xx_HAL_Driver/Inc/Legacy -I../Drivers/CMSIS/Device/ST/STM32F4xx/Include -I../Drivers/CMSIS/Include -O0 -ffunction-sections -fdata-sections -Wall -fstack-usage -fcyclomatic-complexity -MMD -MP -MF"Core/Src/main.d" -MT"Core/Src/main.o" --specs=nano.specs -mfpu=fpv4-sp-d16 -mfloat-abi=hard -mthumb -o "Core/Src/main.o"
arm-none-eabi-gcc -o "MyTestProject.elf" @"objects.list"   -mcpu=cortex-m4 -T"C:\Users\blew2\STM32CubeIDE\workspace_1.17.0\MyTestProject\STM32F401RETX_FLASH.ld" --specs=nosys.specs -Wl,-Map="MyTestProject.map" -Wl,--gc-sections -static --specs=nano.specs -mfpu=fpv4-sp-d16 -mfloat-abi=hard -mthumb -Wl,--start-group -lc -lm -Wl,--end-group
Finished building target: MyTestProject.elf
 
arm-none-eabi-size  MyTestProject.elf 
arm-none-eabi-objdump -h -S MyTestProject.elf  > "MyTestProject.list"
   text	   data	    bss	    dec	    hex	filename
   7936	     12	   1644	   9592	   2578	MyTestProject.elf
Finished building: default.size.stdout
 
Finished building: MyTestProject.list
 
23:04:33 **** Incremental Build of configuration Debug for project MyTestProject ****
make -j12 all 
arm-none-eabi-size  MyTestProject.elf 
   text	   data	    bss	    dec	    hex	filename
   7936	     12	   1644	   9592	   2578	MyTestProject.elf
Finished building: default.size.stdout
 
23:05:03 **** Incremental Build of configuration Debug for project MyTestProject ****
make -j12 all 
arm-none-eabi-size  MyTestProject.elf 
   text	   data	    bss	    dec	    hex	filename
   7936	     12	   1644	   9592	   2578	MyTestProject.elf
Finished building: default.size.stdout
 
23:07:57 **** Incremental Build of configuration Debug for project MyTestProject ****
make -j12 all 
arm-none-eabi-size  MyTestProject.elf 
   text	   data	    bss	    dec	    hex	filename
   7936	     12	   1644	   9592	   2578	MyTestProject.elf
Finished building: default.size.stdout
 
03:04:48 **** Incremental Build of configuration Debug for project MyTestProject ****
make -j12 all 
arm-none-eabi-gcc -o "MyTestProject.elf" @"objects.list"   -mcpu=cortex-m4 -T"C:\Users\blew2\STM32CubeIDE\workspace_1.17.0\MyTestProject\STM32F401RETX_FLASH.ld" --specs=nosys.specs -Wl,-Map="MyTestProject.map" -Wl,--gc-sections -static --specs=nano.specs -mfpu=fpv4-sp-d16 -mfloat-abi=hard -mthumb -Wl,--start-group -lc -lm -Wl,--end-group
Finished building target: MyTestProject.elf
 
arm-none-eabi-size  MyTestProject.elf 
arm-none-eabi-objdump -h -S MyTestProject.elf  > "MyTestProject.list"
   text	   data	    bss	    dec	    hex	filename
   7936	     12	   1644	   9592	   2578	MyTestProject.elf
Finished building: default.size.stdout
 
Finished building: MyTestProject.list
 
03:05:43 **** Incremental Build of configuration Debug for project MyTestProject ****
make -j12 all 
arm-none-eabi-gcc "../Core/Src/main.c" -mcpu=cortex-m4 -std=gnu11 -g3 -DDEBUG -DUSE_HAL_DRIVER -DSTM32F401xE -c -I../Core/Inc -I../Drivers/STM32F4xx_HAL_Driver/Inc -I../Drivers/STM32F4xx_HAL_Driver/Inc/Legacy -I../Drivers/CMSIS/Device/ST/STM32F4xx/Include -I../Drivers/CMSIS/Include -O0 -ffunction-sections -fdata-sections -Wall -fstack-usage -fcyclomatic-complexity -MMD -MP -MF"Core/Src/main.d" -MT"Core/Src/main.o" --specs=nano.specs -mfpu=fpv4-sp-d16 -mfloat-abi=hard -mthumb -o "Core/Src/main.o"
../Core/Src/main.c: In function 'main':
../Core/Src/main.c:113:5: warning: "/*" within comment [-Wcomment]
  113 |     /* USER CODE END WHILE */
      |      
arm-none-eabi-gcc -o "MyTestProject.elf" @"objects.list"   -mcpu=cortex-m4 -T"C:\Users\blew2\STM32CubeIDE\workspace_1.17.0\MyTestProject\STM32F401RETX_FLASH.ld" --specs=nosys.specs -Wl,-Map="MyTestProject.map" -Wl,--gc-sections -static --specs=nano.specs -mfpu=fpv4-sp-d16 -mfloat-abi=hard -mthumb -Wl,--start-group -lc -lm -Wl,--end-group
Finished building target: MyTestProject.elf
 
arm-none-eabi-size  MyTestProject.elf 
arm-none-eabi-objdump -h -S MyTestProject.elf  > "MyTestProject.list"
   text	   data	    bss	    dec	    hex	filename
   7924	     12	   1644	   9580	   256c	MyTestProject.elf
Finished building: default.size.stdout
 
Finished building: MyTestProject.list
 
03:06:20 **** Incremental Build of configuration Debug for project MyTestProject ****
make -j12 all 
arm-none-eabi-gcc "../Core/Src/main.c" -mcpu=cortex-m4 -std=gnu11 -g3 -DDEBUG -DUSE_HAL_DRIVER -DSTM32F401xE -c -I../Core/Inc -I../Drivers/STM32F4xx_HAL_Driver/Inc -I../Drivers/STM32F4xx_HAL_Driver/Inc/Legacy -I../Drivers/CMSIS/Device/ST/STM32F4xx/Include -I../Drivers/CMSIS/Include -O0 -ffunction-sections -fdata-sections -Wall -fstack-usage -fcyclomatic-complexity -MMD -MP -MF"Core/Src/main.d" -MT"Core/Src/main.o" --specs=nano.specs -mfpu=fpv4-sp-d16 -mfloat-abi=hard -mthumb -o "Core/Src/main.o"
arm-none-eabi-gcc -o "MyTestProject.elf" @"objects.list"   -mcpu=cortex-m4 -T"C:\Users\blew2\STM32CubeIDE\workspace_1.17.0\MyTestProject\STM32F401RETX_FLASH.ld" --specs=nosys.specs -Wl,-Map="MyTestProject.map" -Wl,--gc-sections -static --specs=nano.specs -mfpu=fpv4-sp-d16 -mfloat-abi=hard -mthumb -Wl,--start-group -lc -lm -Wl,--end-group
Finished building target: MyTestProject.elf
 
arm-none-eabi-size  MyTestProject.elf 
arm-none-eabi-objdump -h -S MyTestProject.elf  > "MyTestProject.list"
   text	   data	    bss	    dec	    hex	filename
   7924	     12	   1644	   9580	   256c	MyTestProject.elf
Finished building: default.size.stdout
 
Finished building: MyTestProject.list
 
03:07:15 **** Incremental Build of configuration Debug for project MyTestProject ****
make -j12 all 
arm-none-eabi-gcc "../Core/Src/main.c" -mcpu=cortex-m4 -std=gnu11 -g3 -DDEBUG -DUSE_HAL_DRIVER -DSTM32F401xE -c -I../Core/Inc -I../Drivers/STM32F4xx_HAL_Driver/Inc -I../Drivers/STM32F4xx_HAL_Driver/Inc/Legacy -I../Drivers/CMSIS/Device/ST/STM32F4xx/Include -I../Drivers/CMSIS/Include -O0 -ffunction-sections -fdata-sections -Wall -fstack-usage -fcyclomatic-complexity -MMD -MP -MF"Core/Src/main.d" -MT"Core/Src/main.o" --specs=nano.specs -mfpu=fpv4-sp-d16 -mfloat-abi=hard -mthumb -o "Core/Src/main.o"
arm-none-eabi-gcc -o "MyTestProject.elf" @"objects.list"   -mcpu=cortex-m4 -T"C:\Users\blew2\STM32CubeIDE\workspace_1.17.0\MyTestProject\STM32F401RETX_FLASH.ld" --specs=nosys.specs -Wl,-Map="MyTestProject.map" -Wl,--gc-sections -static --specs=nano.specs -mfpu=fpv4-sp-d16 -mfloat-abi=hard -mthumb -Wl,--start-group -lc -lm -Wl,--end-group
Finished building target: MyTestProject.elf
 
arm-none-eabi-size  MyTestProject.elf 
arm-none-eabi-objdump -h -S MyTestProject.elf  > "MyTestProject.list"
   text	   data	    bss	    dec	    hex	filename
   7924	     12	   1644	   9580	   256c	MyTestProject.elf
Finished building: default.size.stdout
 
Finished building: MyTestProject.list
 
03:07:46 **** Incremental Build of configuration Debug for project MyTestProject ****
make -j12 all 
arm-none-eabi-gcc "../Core/Src/main.c" -mcpu=cortex-m4 -std=gnu11 -g3 -DDEBUG -DUSE_HAL_DRIVER -DSTM32F401xE -c -I../Core/Inc -I../Drivers/STM32F4xx_HAL_Driver/Inc -I../Drivers/STM32F4xx_HAL_Driver/Inc/Legacy -I../Drivers/CMSIS/Device/ST/STM32F4xx/Include -I../Drivers/CMSIS/Include -O0 -ffunction-sections -fdata-sections -Wall -fstack-usage -fcyclomatic-complexity -MMD -MP -MF"Core/Src/main.d" -MT"Core/Src/main.o" --specs=nano.specs -mfpu=fpv4-sp-d16 -mfloat-abi=hard -mthumb -o "Core/Src/main.o"
arm-none-eabi-gcc -o "MyTestProject.elf" @"objects.list"   -mcpu=cortex-m4 -T"C:\Users\blew2\STM32CubeIDE\workspace_1.17.0\MyTestProject\STM32F401RETX_FLASH.ld" --specs=nosys.specs -Wl,-Map="MyTestProject.map" -Wl,--gc-sections -static --specs=nano.specs -mfpu=fpv4-sp-d16 -mfloat-abi=hard -mthumb -Wl,--start-group -lc -lm -Wl,--end-group
Finished building target: MyTestProject.elf
 
arm-none-eabi-size  MyTestProject.elf 
arm-none-eabi-objdump -h -S MyTestProject.elf  > "MyTestProject.list"
   text	   data	    bss	    dec	    hex	filename
   7924	     12	   1644	   9580	   256c	MyTestProject.elf
Finished building: default.size.stdout
 
Finished building: MyTestProject.list
 
03:26:27 **** Incremental Build of configuration Debug for project MyTestProject ****
make -j12 all 
arm-none-eabi-size  MyTestProject.elf 
   text	   data	    bss	    dec	    hex	filename
   7924	     12	   1644	   9580	   256c	MyTestProject.elf
Finished building: default.size.stdout
 
03:26:45 **** Incremental Build of configuration Debug for project MyTestProject ****
make -j12 all 
arm-none-eabi-gcc -o "MyTestProject.elf" @"objects.list"   -mcpu=cortex-m4 -T"C:\Users\blew2\STM32CubeIDE\workspace_1.17.0\MyTestProject\STM32F401RETX_FLASH.ld" --specs=nosys.specs -Wl,-Map="MyTestProject.map" -Wl,--gc-sections -static --specs=nano.specs -mfpu=fpv4-sp-d16 -mfloat-abi=hard -mthumb -Wl,--start-group -lc -lm -Wl,--end-group
C:/ST/STM32CubeIDE_1.17.0/STM32CubeIDE/plugins/com.st.stm32cube.ide.mcu.externaltools.gnu-tools-for-stm32.12.3.rel1.win32_1.1.0.202410251130/tools/bin/../lib/gcc/arm-none-eabi/12.3.1/../../../../arm-none-eabi/bin/ld.exe: ./Core/Src/main.o: in function `main':
C:/Users/blew2/STM32CubeIDE/workspace_1.17.0/MyTestProject/Debug/../Core/Src/main.c:76: undefined reference to `HAL_Init'
C:/ST/STM32CubeIDE_1.17.0/STM32CubeIDE/plugins/com.st.stm32cube.ide.mcu.externaltools.gnu-tools-for-stm32.12.3.rel1.win32_1.1.0.202410251130/tools/bin/../lib/gcc/arm-none-eabi/12.3.1/../../../../arm-none-eabi/bin/ld.exe: C:/Users/blew2/STM32CubeIDE/workspace_1.17.0/MyTestProject/Debug/../Core/Src/main.c:100: undefined reference to `HAL_GPIO_ReadPin'
C:/ST/STM32CubeIDE_1.17.0/STM32CubeIDE/plugins/com.st.stm32cube.ide.mcu.externaltools.gnu-tools-for-stm32.12.3.rel1.win32_1.1.0.202410251130/tools/bin/../lib/gcc/arm-none-eabi/12.3.1/../../../../arm-none-eabi/bin/ld.exe: C:/Users/blew2/STM32CubeIDE/workspace_1.17.0/MyTestProject/Debug/../Core/Src/main.c:102: undefined reference to `HAL_GPIO_TogglePin'
C:/ST/STM32CubeIDE_1.17.0/STM32CubeIDE/plugins/com.st.stm32cube.ide.mcu.externaltools.gnu-tools-for-stm32.12.3.rel1.win32_1.1.0.202410251130/tools/bin/../lib/gcc/arm-none-eabi/12.3.1/../../../../arm-none-eabi/bin/ld.exe: C:/Users/blew2/STM32CubeIDE/workspace_1.17.0/MyTestProject/Debug/../Core/Src/main.c:103: undefined reference to `HAL_Delay'
C:/ST/STM32CubeIDE_1.17.0/STM32CubeIDE/plugins/com.st.stm32cube.ide.mcu.externaltools.gnu-tools-for-stm32.12.3.rel1.win32_1.1.0.202410251130/tools/bin/../lib/gcc/arm-none-eabi/12.3.1/../../../../arm-none-eabi/bin/ld.exe: ./Core/Src/main.o: in function `SystemClock_Config':
C:/Users/blew2/STM32CubeIDE/workspace_1.17.0/MyTestProject/Debug/../Core/Src/main.c:146: undefined reference to `HAL_RCC_OscConfig'
C:/ST/STM32CubeIDE_1.17.0/STM32CubeIDE/plugins/com.st.stm32cube.ide.mcu.externaltools.gnu-tools-for-stm32.12.3.rel1.win32_1.1.0.202410251130/tools/bin/../lib/gcc/arm-none-eabi/12.3.1/../../../../arm-none-eabi/bin/ld.exe: C:/Users/blew2/STM32CubeIDE/workspace_1.17.0/MyTestProject/Debug/../Core/Src/main.c:160: undefined reference to `HAL_RCC_ClockConfig'
C:/ST/STM32CubeIDE_1.17.0/STM32CubeIDE/plugins/com.st.stm32cube.ide.mcu.externaltools.gnu-tools-for-stm32.12.3.rel1.win32_1.1.0.202410251130/tools/bin/../lib/gcc/arm-none-eabi/12.3.1/../../../../arm-none-eabi/bin/ld.exe: ./Core/Src/main.o: in function `MX_USART2_UART_Init':
C:/Users/blew2/STM32CubeIDE/workspace_1.17.0/MyTestProject/Debug/../Core/Src/main.c:189: undefined reference to `HAL_UART_Init'
C:/ST/STM32CubeIDE_1.17.0/STM32CubeIDE/plugins/com.st.stm32cube.ide.mcu.externaltools.gnu-tools-for-stm32.12.3.rel1.win32_1.1.0.202410251130/tools/bin/../lib/gcc/arm-none-eabi/12.3.1/../../../../arm-none-eabi/bin/ld.exe: ./Core/Src/main.o: in function `MX_GPIO_Init':
C:/Users/blew2/STM32CubeIDE/workspace_1.17.0/MyTestProject/Debug/../Core/Src/main.c:217: undefined reference to `HAL_GPIO_WritePin'
C:/ST/STM32CubeIDE_1.17.0/STM32CubeIDE/plugins/com.st.stm32cube.ide.mcu.externaltools.gnu-tools-for-stm32.12.3.rel1.win32_1.1.0.202410251130/tools/bin/../lib/gcc/arm-none-eabi/12.3.1/../../../../arm-none-eabi/bin/ld.exe: C:/Users/blew2/STM32CubeIDE/workspace_1.17.0/MyTestProject/Debug/../Core/Src/main.c:220: undefined reference to `HAL_GPIO_WritePin'
C:/ST/STM32CubeIDE_1.17.0/STM32CubeIDE/plugins/com.st.stm32cube.ide.mcu.externaltools.gnu-tools-for-stm32.12.3.rel1.win32_1.1.0.202410251130/tools/bin/../lib/gcc/arm-none-eabi/12.3.1/../../../../arm-none-eabi/bin/ld.exe: C:/Users/blew2/STM32CubeIDE/workspace_1.17.0/MyTestProject/Debug/../Core/Src/main.c:226: undefined reference to `HAL_GPIO_Init'
C:/ST/STM32CubeIDE_1.17.0/STM32CubeIDE/plugins/com.st.stm32cube.ide.mcu.externaltools.gnu-tools-for-stm32.12.3.rel1.win32_1.1.0.202410251130/tools/bin/../lib/gcc/arm-none-eabi/12.3.1/../../../../arm-none-eabi/bin/ld.exe: C:/Users/blew2/STM32CubeIDE/workspace_1.17.0/MyTestProject/Debug/../Core/Src/main.c:233: undefined reference to `HAL_GPIO_Init'
C:/ST/STM32CubeIDE_1.17.0/STM32CubeIDE/plugins/com.st.stm32cube.ide.mcu.externaltools.gnu-tools-for-stm32.12.3.rel1.win32_1.1.0.202410251130/tools/bin/../lib/gcc/arm-none-eabi/12.3.1/../../../../arm-none-eabi/bin/ld.exe: C:/Users/blew2/STM32CubeIDE/workspace_1.17.0/MyTestProject/Debug/../Core/Src/main.c:239: undefined reference to `HAL_GPIO_Init'
C:/ST/STM32CubeIDE_1.17.0/STM32CubeIDE/plugins/com.st.stm32cube.ide.mcu.externaltools.gnu-tools-for-stm32.12.3.rel1.win32_1.1.0.202410251130/tools/bin/../lib/gcc/arm-none-eabi/12.3.1/../../../../arm-none-eabi/bin/ld.exe: C:/Users/blew2/STM32CubeIDE/workspace_1.17.0/MyTestProject/Debug/../Core/Src/main.c:246: undefined reference to `HAL_GPIO_Init'
C:/ST/STM32CubeIDE_1.17.0/STM32CubeIDE/plugins/com.st.stm32cube.ide.mcu.externaltools.gnu-tools-for-stm32.12.3.rel1.win32_1.1.0.202410251130/tools/bin/../lib/gcc/arm-none-eabi/12.3.1/../../../../arm-none-eabi/bin/ld.exe: ./Core/Src/stm32f4xx_it.o: in function `SysTick_Handler':
C:/Users/blew2/STM32CubeIDE/workspace_1.17.0/MyTestProject/Debug/../Core/Src/stm32f4xx_it.c:188: undefined reference to `HAL_IncTick'
collect2.exe: error: ld returned 1 exit status
make: *** [makefile:63: MyTestProject.elf] Error 1
"make -j12 all" terminated with exit code 2. Build might be incomplete.
03:27:21 **** Incremental Build of configuration Debug for project MyTestProject ****
make -j12 all 
arm-none-eabi-gcc -o "MyTestProject.elf" @"objects.list"   -mcpu=cortex-m4 -T"C:\Users\blew2\STM32CubeIDE\workspace_1.17.0\MyTestProject\STM32F401RETX_FLASH.ld" --specs=nosys.specs -Wl,-Map="MyTestProject.map" -Wl,--gc-sections -static --specs=nano.specs -mfpu=fpv4-sp-d16 -mfloat-abi=hard -mthumb -Wl,--start-group -lc -lm -Wl,--end-group
Finished building target: MyTestProject.elf
 
arm-none-eabi-size  MyTestProject.elf 
arm-none-eabi-objdump -h -S MyTestProject.elf  > "MyTestProject.list"
   text	   data	    bss	    dec	    hex	filename
   7924	     12	   1644	   9580	   256c	MyTestProject.elf
Finished building: default.size.stdout
 
Finished building: MyTestProject.list
 
03:27:26 **** Incremental Build of configuration Debug for project MyTestProject ****
make -j12 all 
arm-none-eabi-gcc -o "MyTestProject.elf" @"objects.list"   -mcpu=cortex-m4 -T"C:\Users\blew2\STM32CubeIDE\workspace_1.17.0\MyTestProject\STM32F401RETX_FLASH.ld" --specs=nosys.specs -Wl,-Map="MyTestProject.map" -Wl,--gc-sections -static --specs=nano.specs -mfpu=fpv4-sp-d16 -mfloat-abi=hard -mthumb -Wl,--start-group -lc -lm -Wl,--end-group
Finished building target: MyTestProject.elf
 
arm-none-eabi-size  MyTestProject.elf 
arm-none-eabi-objdump -h -S MyTestProject.elf  > "MyTestProject.list"
   text	   data	    bss	    dec	    hex	filename
   7924	     12	   1644	   9580	   256c	MyTestProject.elf
Finished building: default.size.stdout
 
Finished building: MyTestProject.list
 
03:27:45 **** Incremental Build of configuration Debug for project MyTestProject ****
make -j12 all 
arm-none-eabi-size  MyTestProject.elf 
   text	   data	    bss	    dec	    hex	filename
   7924	     12	   1644	   9580	   256c	MyTestProject.elf
Finished building: default.size.stdout
 
03:29:05 **** Incremental Build of configuration Debug for project MyTestProject ****
make -j12 all 
arm-none-eabi-size  MyTestProject.elf 
   text	   data	    bss	    dec	    hex	filename
   7924	     12	   1644	   9580	   256c	MyTestProject.elf
Finished building: default.size.stdout
 
03:30:10 **** Incremental Build of configuration Debug for project MyTestProject ****
make -j12 all 
arm-none-eabi-size  MyTestProject.elf 
   text	   data	    bss	    dec	    hex	filename
   7924	     12	   1644	   9580	   256c	MyTestProject.elf
Finished building: default.size.stdout
 
03:36:22 **** Incremental Build of configuration Debug for project MyTestProject ****
make -j12 all 
arm-none-eabi-size  MyTestProject.elf 
   text	   data	    bss	    dec	    hex	filename
   7924	     12	   1644	   9580	   256c	MyTestProject.elf
Finished building: default.size.stdout
 
03:37:22 **** Incremental Build of configuration Debug for project MyTestProject ****
make -j12 all 
arm-none-eabi-size  MyTestProject.elf 
   text	   data	    bss	    dec	    hex	filename
   7924	     12	   1644	   9580	   256c	MyTestProject.elf
Finished building: default.size.stdout
 
03:41:38 **** Incremental Build of configuration Debug for project MyTestProject ****
make -j12 all 
arm-none-eabi-size  MyTestProject.elf 
   text	   data	    bss	    dec	    hex	filename
   7924	     12	   1644	   9580	   256c	MyTestProject.elf
Finished building: default.size.stdout
 
04:42:22 **** Incremental Build of configuration Debug for project MyTestProject ****
make -j12 all 
arm-none-eabi-gcc "../Core/Src/main.c" -mcpu=cortex-m4 -std=gnu11 -g3 -DDEBUG -DUSE_HAL_DRIVER -DSTM32F401xE -c -I../Core/Inc -I../Drivers/STM32F4xx_HAL_Driver/Inc -I../Drivers/STM32F4xx_HAL_Driver/Inc/Legacy -I../Drivers/CMSIS/Device/ST/STM32F4xx/Include -I../Drivers/CMSIS/Include -O0 -ffunction-sections -fdata-sections -Wall -fstack-usage -fcyclomatic-complexity -MMD -MP -MF"Core/Src/main.d" -MT"Core/Src/main.o" --specs=nano.specs -mfpu=fpv4-sp-d16 -mfloat-abi=hard -mthumb -o "Core/Src/main.o"
../Core/Src/main.c: In function 'main':
../Core/Src/main.c:79:3: error: unknown type name 'bool'
   79 |   bool x;
      |   ^~~~
../Core/Src/main.c:21:1: note: 'bool' is defined in header '<stdbool.h>'; did you forget to '#include <stdbool.h>'?
   20 | #include "main.h"
  +++ |+#include <stdbool.h>
   21 | 
make: *** [Core/Src/subdir.mk:34: Core/Src/main.o] Error 1
"make -j12 all" terminated with exit code 2. Build might be incomplete.
04:42:54 **** Incremental Build of configuration Debug for project MyTestProject ****
make -j12 all 
arm-none-eabi-gcc "../Core/Src/main.c" -mcpu=cortex-m4 -std=gnu11 -g3 -DDEBUG -DUSE_HAL_DRIVER -DSTM32F401xE -c -I../Core/Inc -I../Drivers/STM32F4xx_HAL_Driver/Inc -I../Drivers/STM32F4xx_HAL_Driver/Inc/Legacy -I../Drivers/CMSIS/Device/ST/STM32F4xx/Include -I../Drivers/CMSIS/Include -O0 -ffunction-sections -fdata-sections -Wall -fstack-usage -fcyclomatic-complexity -MMD -MP -MF"Core/Src/main.d" -MT"Core/Src/main.o" --specs=nano.specs -mfpu=fpv4-sp-d16 -mfloat-abi=hard -mthumb -o "Core/Src/main.o"
arm-none-eabi-gcc -o "MyTestProject.elf" @"objects.list"   -mcpu=cortex-m4 -T"C:\Users\blew2\STM32CubeIDE\workspace_1.17.0\MyTestProject\STM32F401RETX_FLASH.ld" --specs=nosys.specs -Wl,-Map="MyTestProject.map" -Wl,--gc-sections -static --specs=nano.specs -mfpu=fpv4-sp-d16 -mfloat-abi=hard -mthumb -Wl,--start-group -lc -lm -Wl,--end-group
Finished building target: MyTestProject.elf
 
arm-none-eabi-size  MyTestProject.elf 
arm-none-eabi-objdump -h -S MyTestProject.elf  > "MyTestProject.list"
   text	   data	    bss	    dec	    hex	filename
   7940	     12	   1644	   9596	   257c	MyTestProject.elf
Finished building: default.size.stdout
 
Finished building: MyTestProject.list
 
04:43:28 **** Incremental Build of configuration Debug for project MyTestProject ****
make -j12 all 
arm-none-eabi-gcc "../Core/Src/main.c" -mcpu=cortex-m4 -std=gnu11 -g3 -DDEBUG -DUSE_HAL_DRIVER -DSTM32F401xE -c -I../Core/Inc -I../Drivers/STM32F4xx_HAL_Driver/Inc -I../Drivers/STM32F4xx_HAL_Driver/Inc/Legacy -I../Drivers/CMSIS/Device/ST/STM32F4xx/Include -I../Drivers/CMSIS/Include -O0 -ffunction-sections -fdata-sections -Wall -fstack-usage -fcyclomatic-complexity -MMD -MP -MF"Core/Src/main.d" -MT"Core/Src/main.o" --specs=nano.specs -mfpu=fpv4-sp-d16 -mfloat-abi=hard -mthumb -o "Core/Src/main.o"
arm-none-eabi-gcc -o "MyTestProject.elf" @"objects.list"   -mcpu=cortex-m4 -T"C:\Users\blew2\STM32CubeIDE\workspace_1.17.0\MyTestProject\STM32F401RETX_FLASH.ld" --specs=nosys.specs -Wl,-Map="MyTestProject.map" -Wl,--gc-sections -static --specs=nano.specs -mfpu=fpv4-sp-d16 -mfloat-abi=hard -mthumb -Wl,--start-group -lc -lm -Wl,--end-group
Finished building target: MyTestProject.elf
 
arm-none-eabi-size  MyTestProject.elf 
arm-none-eabi-objdump -h -S MyTestProject.elf  > "MyTestProject.list"
   text	   data	    bss	    dec	    hex	filename
   7944	     12	   1644	   9600	   2580	MyTestProject.elf
Finished building: default.size.stdout
 
Finished building: MyTestProject.list
 
06:05:21 **** Incremental Build of configuration Debug for project MyTestProject ****
make -j12 all 
arm-none-eabi-gcc "../Core/Src/main.c" -mcpu=cortex-m4 -std=gnu11 -g3 -DDEBUG -DUSE_HAL_DRIVER -DSTM32F401xE -c -I../Core/Inc -I../Drivers/STM32F4xx_HAL_Driver/Inc -I../Drivers/STM32F4xx_HAL_Driver/Inc/Legacy -I../Drivers/CMSIS/Device/ST/STM32F4xx/Include -I../Drivers/CMSIS/Include -O0 -ffunction-sections -fdata-sections -Wall -fstack-usage -fcyclomatic-complexity -MMD -MP -MF"Core/Src/main.d" -MT"Core/Src/main.o" --specs=nano.specs -mfpu=fpv4-sp-d16 -mfloat-abi=hard -mthumb -o "Core/Src/main.o"
arm-none-eabi-gcc "../Core/Src/stm32f4xx_hal_msp.c" -mcpu=cortex-m4 -std=gnu11 -g3 -DDEBUG -DUSE_HAL_DRIVER -DSTM32F401xE -c -I../Core/Inc -I../Drivers/STM32F4xx_HAL_Driver/Inc -I../Drivers/STM32F4xx_HAL_Driver/Inc/Legacy -I../Drivers/CMSIS/Device/ST/STM32F4xx/Include -I../Drivers/CMSIS/Include -O0 -ffunction-sections -fdata-sections -Wall -fstack-usage -fcyclomatic-complexity -MMD -MP -MF"Core/Src/stm32f4xx_hal_msp.d" -MT"Core/Src/stm32f4xx_hal_msp.o" --specs=nano.specs -mfpu=fpv4-sp-d16 -mfloat-abi=hard -mthumb -o "Core/Src/stm32f4xx_hal_msp.o"
arm-none-eabi-gcc "../Core/Src/stm32f4xx_it.c" -mcpu=cortex-m4 -std=gnu11 -g3 -DDEBUG -DUSE_HAL_DRIVER -DSTM32F401xE -c -I../Core/Inc -I../Drivers/STM32F4xx_HAL_Driver/Inc -I../Drivers/STM32F4xx_HAL_Driver/Inc/Legacy -I../Drivers/CMSIS/Device/ST/STM32F4xx/Include -I../Drivers/CMSIS/Include -O0 -ffunction-sections -fdata-sections -Wall -fstack-usage -fcyclomatic-complexity -MMD -MP -MF"Core/Src/stm32f4xx_it.d" -MT"Core/Src/stm32f4xx_it.o" --specs=nano.specs -mfpu=fpv4-sp-d16 -mfloat-abi=hard -mthumb -o "Core/Src/stm32f4xx_it.o"
../Core/Src/main.c: In function 'main':
../Core/Src/main.c:132:33: error: 'DISABLE_PC_RELAY_PORT' undeclared (first use in this function)
  132 |               HAL_GPIO_WritePin(DISABLE_PC_RELAY_PORT, DISABLE_PC_RELAY_PIN, GPIO_PIN_SET);
      |                                 ^~~~~~~~~~~~~~~~~~~~~
../Core/Src/main.c:132:33: note: each undeclared identifier is reported only once for each function it appears in
../Core/Src/main.c:132:56: error: 'DISABLE_PC_RELAY_PIN' undeclared (first use in this function)
  132 |               HAL_GPIO_WritePin(DISABLE_PC_RELAY_PORT, DISABLE_PC_RELAY_PIN, GPIO_PIN_SET);
      |                                                        ^~~~~~~~~~~~~~~~~~~~
make: *** [Core/Src/subdir.mk:34: Core/Src/main.o] Error 1
make: *** Waiting for unfinished jobs....
"make -j12 all" terminated with exit code 2. Build might be incomplete.
06:06:24 **** Incremental Build of configuration Debug for project MyTestProject ****
make -j12 all 
arm-none-eabi-gcc "../Core/Src/main.c" -mcpu=cortex-m4 -std=gnu11 -g3 -DDEBUG -DUSE_HAL_DRIVER -DSTM32F401xE -c -I../Core/Inc -I../Drivers/STM32F4xx_HAL_Driver/Inc -I../Drivers/STM32F4xx_HAL_Driver/Inc/Legacy -I../Drivers/CMSIS/Device/ST/STM32F4xx/Include -I../Drivers/CMSIS/Include -O0 -ffunction-sections -fdata-sections -Wall -fstack-usage -fcyclomatic-complexity -MMD -MP -MF"Core/Src/main.d" -MT"Core/Src/main.o" --specs=nano.specs -mfpu=fpv4-sp-d16 -mfloat-abi=hard -mthumb -o "Core/Src/main.o"
arm-none-eabi-gcc -o "MyTestProject.elf" @"objects.list"   -mcpu=cortex-m4 -T"C:\Users\blew2\STM32CubeIDE\workspace_1.17.0\MyTestProject\STM32F401RETX_FLASH.ld" --specs=nosys.specs -Wl,-Map="MyTestProject.map" -Wl,--gc-sections -static --specs=nano.specs -mfpu=fpv4-sp-d16 -mfloat-abi=hard -mthumb -Wl,--start-group -lc -lm -Wl,--end-group
Finished building target: MyTestProject.elf
 
arm-none-eabi-size  MyTestProject.elf 
arm-none-eabi-objdump -h -S MyTestProject.elf  > "MyTestProject.list"
   text	   data	    bss	    dec	    hex	filename
   7916	     12	   1644	   9572	   2564	MyTestProject.elf
Finished building: default.size.stdout
 
Finished building: MyTestProject.list
 
06:19:30 **** Incremental Build of configuration Debug for project MyTestProject ****
make -j12 all 
arm-none-eabi-size  MyTestProject.elf 
   text	   data	    bss	    dec	    hex	filename
   7916	     12	   1644	   9572	   2564	MyTestProject.elf
Finished building: default.size.stdout
 
06:21:39 **** Incremental Build of configuration Debug for project MyTestProject ****
make -j12 all 
arm-none-eabi-gcc "../Core/Src/main.c" -mcpu=cortex-m4 -std=gnu11 -g3 -DDEBUG -DUSE_HAL_DRIVER -DSTM32F401xE -c -I../Core/Inc -I../Drivers/STM32F4xx_HAL_Driver/Inc -I../Drivers/STM32F4xx_HAL_Driver/Inc/Legacy -I../Drivers/CMSIS/Device/ST/STM32F4xx/Include -I../Drivers/CMSIS/Include -O0 -ffunction-sections -fdata-sections -Wall -fstack-usage -fcyclomatic-complexity -MMD -MP -MF"Core/Src/main.d" -MT"Core/Src/main.o" --specs=nano.specs -mfpu=fpv4-sp-d16 -mfloat-abi=hard -mthumb -o "Core/Src/main.o"
arm-none-eabi-gcc -o "MyTestProject.elf" @"objects.list"   -mcpu=cortex-m4 -T"C:\Users\blew2\STM32CubeIDE\workspace_1.17.0\MyTestProject\STM32F401RETX_FLASH.ld" --specs=nosys.specs -Wl,-Map="MyTestProject.map" -Wl,--gc-sections -static --specs=nano.specs -mfpu=fpv4-sp-d16 -mfloat-abi=hard -mthumb -Wl,--start-group -lc -lm -Wl,--end-group
Finished building target: MyTestProject.elf
 
arm-none-eabi-size  MyTestProject.elf 
arm-none-eabi-objdump -h -S MyTestProject.elf  > "MyTestProject.list"
   text	   data	    bss	    dec	    hex	filename
   7908	     12	   1644	   9564	   255c	MyTestProject.elf
Finished building: default.size.stdout
 
Finished building: MyTestProject.list
 
06:22:41 **** Incremental Build of configuration Debug for project MyTestProject ****
make -j12 all 
arm-none-eabi-size  MyTestProject.elf 
   text	   data	    bss	    dec	    hex	filename
   7908	     12	   1644	   9564	   255c	MyTestProject.elf
Finished building: default.size.stdout
 
06:27:09 **** Incremental Build of configuration Debug for project MyTestProject ****
make -j12 all 
arm-none-eabi-gcc "../Core/Src/main.c" -mcpu=cortex-m4 -std=gnu11 -g3 -DDEBUG -DUSE_HAL_DRIVER -DSTM32F401xE -c -I../Core/Inc -I../Drivers/STM32F4xx_HAL_Driver/Inc -I../Drivers/STM32F4xx_HAL_Driver/Inc/Legacy -I../Drivers/CMSIS/Device/ST/STM32F4xx/Include -I../Drivers/CMSIS/Include -O0 -ffunction-sections -fdata-sections -Wall -fstack-usage -fcyclomatic-complexity -MMD -MP -MF"Core/Src/main.d" -MT"Core/Src/main.o" --specs=nano.specs -mfpu=fpv4-sp-d16 -mfloat-abi=hard -mthumb -o "Core/Src/main.o"
../Core/Src/main.c:144:3: error: expected identifier or '(' before '}' token
  144 |   }
      |   ^
make: *** [Core/Src/subdir.mk:34: Core/Src/main.o] Error 1
"make -j12 all" terminated with exit code 2. Build might be incomplete.
06:27:31 **** Incremental Build of configuration Debug for project MyTestProject ****
make -j12 all 
arm-none-eabi-gcc "../Core/Src/main.c" -mcpu=cortex-m4 -std=gnu11 -g3 -DDEBUG -DUSE_HAL_DRIVER -DSTM32F401xE -c -I../Core/Inc -I../Drivers/STM32F4xx_HAL_Driver/Inc -I../Drivers/STM32F4xx_HAL_Driver/Inc/Legacy -I../Drivers/CMSIS/Device/ST/STM32F4xx/Include -I../Drivers/CMSIS/Include -O0 -ffunction-sections -fdata-sections -Wall -fstack-usage -fcyclomatic-complexity -MMD -MP -MF"Core/Src/main.d" -MT"Core/Src/main.o" --specs=nano.specs -mfpu=fpv4-sp-d16 -mfloat-abi=hard -mthumb -o "Core/Src/main.o"
arm-none-eabi-gcc -o "MyTestProject.elf" @"objects.list"   -mcpu=cortex-m4 -T"C:\Users\blew2\STM32CubeIDE\workspace_1.17.0\MyTestProject\STM32F401RETX_FLASH.ld" --specs=nosys.specs -Wl,-Map="MyTestProject.map" -Wl,--gc-sections -static --specs=nano.specs -mfpu=fpv4-sp-d16 -mfloat-abi=hard -mthumb -Wl,--start-group -lc -lm -Wl,--end-group
Finished building target: MyTestProject.elf
 
arm-none-eabi-size  MyTestProject.elf 
arm-none-eabi-objdump -h -S MyTestProject.elf  > "MyTestProject.list"
   text	   data	    bss	    dec	    hex	filename
   7940	     12	   1644	   9596	   257c	MyTestProject.elf
Finished building: default.size.stdout
 
Finished building: MyTestProject.list
 
06:27:47 **** Incremental Build of configuration Debug for project MyTestProject ****
make -j12 all 
arm-none-eabi-size  MyTestProject.elf 
   text	   data	    bss	    dec	    hex	filename
   7940	     12	   1644	   9596	   257c	MyTestProject.elf
Finished building: default.size.stdout
 
06:55:17 **** Incremental Build of configuration Debug for project MyTestProject ****
make -j12 all 
arm-none-eabi-gcc "../Core/Src/main.c" -mcpu=cortex-m4 -std=gnu11 -g3 -DDEBUG -DUSE_HAL_DRIVER -DSTM32F401xE -c -I../Core/Inc -I../Drivers/STM32F4xx_HAL_Driver/Inc -I../Drivers/STM32F4xx_HAL_Driver/Inc/Legacy -I../Drivers/CMSIS/Device/ST/STM32F4xx/Include -I../Drivers/CMSIS/Include -O0 -ffunction-sections -fdata-sections -Wall -fstack-usage -fcyclomatic-complexity -MMD -MP -MF"Core/Src/main.d" -MT"Core/Src/main.o" --specs=nano.specs -mfpu=fpv4-sp-d16 -mfloat-abi=hard -mthumb -o "Core/Src/main.o"
arm-none-eabi-gcc -o "MyTestProject.elf" @"objects.list"   -mcpu=cortex-m4 -T"C:\Users\blew2\STM32CubeIDE\workspace_1.17.0\MyTestProject\STM32F401RETX_FLASH.ld" --specs=nosys.specs -Wl,-Map="MyTestProject.map" -Wl,--gc-sections -static --specs=nano.specs -mfpu=fpv4-sp-d16 -mfloat-abi=hard -mthumb -Wl,--start-group -lc -lm -Wl,--end-group
Finished building target: MyTestProject.elf
 
arm-none-eabi-size  MyTestProject.elf 
arm-none-eabi-objdump -h -S MyTestProject.elf  > "MyTestProject.list"
   text	   data	    bss	    dec	    hex	filename
   7968	     12	   1644	   9624	   2598	MyTestProject.elf
Finished building: default.size.stdout
 
Finished building: MyTestProject.list
 
06:55:47 **** Incremental Build of configuration Debug for project MyTestProject ****
make -j12 all 
arm-none-eabi-size  MyTestProject.elf 
   text	   data	    bss	    dec	    hex	filename
   7968	     12	   1644	   9624	   2598	MyTestProject.elf
Finished building: default.size.stdout
 
06:56:13 **** Incremental Build of configuration Debug for project MyTestProject ****
make -j12 all 
arm-none-eabi-size  MyTestProject.elf 
   text	   data	    bss	    dec	    hex	filename
   7968	     12	   1644	   9624	   2598	MyTestProject.elf
Finished building: default.size.stdout
 
